<?xml version="1.0" encoding="UTF-8"?>
<!-- Generated by org.testng.reporters.JUnitReportReporter -->
<testsuite hostname="DESKTOP-OC8SAEU" failures="0" tests="1" name="com.mystore.testcases.AddToCartPageTest" time="36.787" errors="0" timestamp="2022-11-06T13:24:46 GMT" skipped="0">
  <testcase classname="com.mystore.testcases.AddToCartPageTest" name="addToCartTest" time="36.787"/>
  <system-out/>
</testsuite> <!-- com.mystore.testcases.AddToCartPageTest -->
