<?xml version="1.0" encoding="UTF-8"?>
<!-- Generated by org.testng.reporters.JUnitReportReporter -->
<testsuite hostname="DESKTOP-OC8SAEU" failures="0" tests="2" name="com.mystore.testcases.OrderPageTest" time="97.135" errors="0" timestamp="2022-11-06T13:24:46 GMT" skipped="0">
  <testcase classname="com.mystore.testcases.OrderPageTest" name="verifyTotalPrice" time="50.079"/>
  <system-out/>
  <testcase classname="com.mystore.testcases.OrderPageTest" name="verifyTotalPrice" time="47.056"/>
  <system-out/>
</testsuite> <!-- com.mystore.testcases.OrderPageTest -->
