<?xml version="1.0" encoding="UTF-8"?>
<!-- Generated by org.testng.reporters.JUnitReportReporter -->
<testsuite hostname="DESKTOP-OC8SAEU" failures="0" tests="1" name="com.mystore.testcases.LoginPageTest" time="27.253" errors="0" timestamp="2022-11-06T13:24:46 GMT" skipped="0">
  <testcase classname="com.mystore.testcases.LoginPageTest" name="loginTest" time="27.253"/>
  <system-out/>
</testsuite> <!-- com.mystore.testcases.LoginPageTest -->
