<?xml version="1.0" encoding="UTF-8"?>
<!-- Generated by org.testng.reporters.JUnitReportReporter -->
<testsuite hostname="DESKTOP-OC8SAEU" failures="0" tests="2" name="com.mystore.testcases.SigninPageTest" time="21.579" errors="0" timestamp="2022-11-06T13:24:46 GMT" skipped="0">
  <testcase classname="com.mystore.testcases.SigninPageTest" name="verifyTitle" time="10.613"/>
  <system-out/>
  <testcase classname="com.mystore.testcases.SigninPageTest" name="verifyLogo" time="10.966"/>
  <system-out/>
</testsuite> <!-- com.mystore.testcases.SigninPageTest -->
